[27-Jan-2018 18:10:16 UTC] PHP Notice:  Undefined index: SERVER_SOFTWARE in phar:///usr/local/bin/wp/php/WP_CLI/Runner.php(1020) : eval()'d code on line 75
[27-Jan-2018 18:10:17 UTC] PHP Notice:  Undefined index: SERVER_SOFTWARE in phar:///usr/local/bin/wp/php/WP_CLI/Runner.php(1020) : eval()'d code on line 75
[27-Jan-2018 18:10:20 UTC] PHP Notice:  Undefined index: SERVER_SOFTWARE in phar:///usr/local/bin/wp/php/WP_CLI/Runner.php(1020) : eval()'d code on line 75
[27-Jan-2018 18:10:22 UTC] PHP Notice:  Undefined index: SERVER_SOFTWARE in phar:///usr/local/bin/wp/php/WP_CLI/Runner.php(1020) : eval()'d code on line 75
[27-Jan-2018 18:10:25 UTC] PHP Notice:  Undefined index: SERVER_SOFTWARE in phar:///usr/local/bin/wp/php/WP_CLI/Runner.php(1020) : eval()'d code on line 75
[27-Jan-2018 18:10:26 UTC] PHP Notice:  Undefined index: SERVER_SOFTWARE in phar:///usr/local/bin/wp/php/WP_CLI/Runner.php(1020) : eval()'d code on line 75
[27-Jan-2018 18:10:27 UTC] PHP Notice:  Undefined index: SERVER_SOFTWARE in phar:///usr/local/bin/wp/php/WP_CLI/Runner.php(1020) : eval()'d code on line 75
[27-Jan-2018 18:10:27 UTC] PHP Notice:  Undefined index: SERVER_SOFTWARE in phar:///usr/local/bin/wp/php/WP_CLI/Runner.php(1020) : eval()'d code on line 75
[27-Jan-2018 18:16:36 UTC] PHP Notice:  Undefined index: SERVER_SOFTWARE in phar:///usr/local/bin/wp/php/WP_CLI/Runner.php(1020) : eval()'d code on line 75
[27-Jan-2018 18:16:37 UTC] PHP Notice:  Undefined index: SERVER_SOFTWARE in phar:///usr/local/bin/wp/php/WP_CLI/Runner.php(1020) : eval()'d code on line 75
[27-Jan-2018 18:16:39 UTC] PHP Notice:  Undefined index: SERVER_SOFTWARE in phar:///usr/local/bin/wp/php/WP_CLI/Runner.php(1020) : eval()'d code on line 75
[27-Jan-2018 18:38:31 UTC] PHP Notice:  Undefined index: SERVER_SOFTWARE in phar:///usr/local/bin/wp/php/WP_CLI/Runner.php(1020) : eval()'d code on line 75
[27-Jan-2018 19:01:34 UTC] PHP Notice:  Undefined index: SERVER_SOFTWARE in phar:///usr/local/bin/wp/php/WP_CLI/Runner.php(1020) : eval()'d code on line 75
[27-Jan-2018 19:32:29 UTC] PHP Parse error:  syntax error, unexpected 'the_post_thumbnail' (T_STRING), expecting '(' in /app/public/wp-content/themes/gymedge/template-parts/content-team.php on line 63
[27-Jan-2018 19:32:41 UTC] PHP Parse error:  syntax error, unexpected 'the_post_thumbnail' (T_STRING), expecting '(' in /app/public/wp-content/themes/gymedge/template-parts/content-team.php on line 63
[27-Jan-2018 19:37:34 UTC] PHP Parse error:  syntax error, unexpected ')' in /app/public/wp-content/themes/gymedge/template-parts/content-team.php on line 63
[27-Jan-2018 19:38:22 UTC] PHP Fatal error:  Uncaught Error: Call to undefined function get_post_thumbnail() in /app/public/wp-content/themes/gymedge/template-parts/content-team.php:63
Stack trace:
#0 /app/public/wp-includes/template.php(690): require()
#1 /app/public/wp-includes/template.php(647): load_template('/app/public/wp-...', false)
#2 /app/public/wp-includes/general-template.php(155): locate_template(Array, true, false)
#3 /app/public/wp-content/themes/gymedge/home.php(25): get_template_part('template-parts/...', 'team')
#4 /app/public/wp-includes/template-loader.php(74): include('/app/public/wp-...')
#5 /app/public/wp-blog-header.php(19): require_once('/app/public/wp-...')
#6 /app/public/index.php(17): require('/app/public/wp-...')
#7 {main}
  thrown in /app/public/wp-content/themes/gymedge/template-parts/content-team.php on line 63
[27-Jan-2018 19:38:26 UTC] PHP Fatal error:  Uncaught Error: Call to undefined function get_title() in /app/public/wp-content/themes/gymedge/template-parts/content-team.php:63
Stack trace:
#0 /app/public/wp-includes/template.php(690): require()
#1 /app/public/wp-includes/template.php(647): load_template('/app/public/wp-...', false)
#2 /app/public/wp-includes/general-template.php(155): locate_template(Array, true, false)
#3 /app/public/wp-content/themes/gymedge/home.php(25): get_template_part('template-parts/...', 'team')
#4 /app/public/wp-includes/template-loader.php(74): include('/app/public/wp-...')
#5 /app/public/wp-blog-header.php(19): require_once('/app/public/wp-...')
#6 /app/public/index.php(17): require('/app/public/wp-...')
#7 {main}
  thrown in /app/public/wp-content/themes/gymedge/template-parts/content-team.php on line 63
[27-Jan-2018 19:38:31 UTC] PHP Fatal error:  Uncaught Error: Call to undefined function title() in /app/public/wp-content/themes/gymedge/template-parts/content-team.php:63
Stack trace:
#0 /app/public/wp-includes/template.php(690): require()
#1 /app/public/wp-includes/template.php(647): load_template('/app/public/wp-...', false)
#2 /app/public/wp-includes/general-template.php(155): locate_template(Array, true, false)
#3 /app/public/wp-content/themes/gymedge/home.php(25): get_template_part('template-parts/...', 'team')
#4 /app/public/wp-includes/template-loader.php(74): include('/app/public/wp-...')
#5 /app/public/wp-blog-header.php(19): require_once('/app/public/wp-...')
#6 /app/public/index.php(17): require('/app/public/wp-...')
#7 {main}
  thrown in /app/public/wp-content/themes/gymedge/template-parts/content-team.php on line 63
[27-Jan-2018 19:43:51 UTC] PHP Warning:  A non-numeric value encountered in /app/public/wp-content/themes/gymedge/template-parts/content-team.php on line 63
[27-Jan-2018 19:43:51 UTC] PHP Warning:  A non-numeric value encountered in /app/public/wp-content/themes/gymedge/template-parts/content-team.php on line 63
[27-Jan-2018 19:43:51 UTC] PHP Warning:  A non-numeric value encountered in /app/public/wp-content/themes/gymedge/template-parts/content-team.php on line 63
[27-Jan-2018 19:43:51 UTC] PHP Warning:  A non-numeric value encountered in /app/public/wp-content/themes/gymedge/template-parts/content-team.php on line 63
[27-Jan-2018 19:43:51 UTC] PHP Warning:  A non-numeric value encountered in /app/public/wp-content/themes/gymedge/template-parts/content-team.php on line 63
[27-Jan-2018 19:43:51 UTC] PHP Warning:  A non-numeric value encountered in /app/public/wp-content/themes/gymedge/template-parts/content-team.php on line 63
[27-Jan-2018 19:43:51 UTC] PHP Warning:  A non-numeric value encountered in /app/public/wp-content/themes/gymedge/template-parts/content-team.php on line 63
[27-Jan-2018 19:43:51 UTC] PHP Warning:  A non-numeric value encountered in /app/public/wp-content/themes/gymedge/template-parts/content-team.php on line 63
[27-Jan-2018 19:43:51 UTC] PHP Warning:  A non-numeric value encountered in /app/public/wp-content/themes/gymedge/template-parts/content-team.php on line 63
[27-Jan-2018 19:43:51 UTC] PHP Warning:  A non-numeric value encountered in /app/public/wp-content/themes/gymedge/template-parts/content-team.php on line 63
[27-Jan-2018 19:43:51 UTC] PHP Warning:  A non-numeric value encountered in /app/public/wp-content/themes/gymedge/template-parts/content-team.php on line 63
[27-Jan-2018 19:43:51 UTC] PHP Warning:  A non-numeric value encountered in /app/public/wp-content/themes/gymedge/template-parts/content-team.php on line 63
[27-Jan-2018 19:43:51 UTC] PHP Warning:  A non-numeric value encountered in /app/public/wp-content/themes/gymedge/template-parts/content-team.php on line 63
[27-Jan-2018 19:43:51 UTC] PHP Warning:  A non-numeric value encountered in /app/public/wp-content/themes/gymedge/template-parts/content-team.php on line 63
[27-Jan-2018 19:43:51 UTC] PHP Warning:  A non-numeric value encountered in /app/public/wp-content/themes/gymedge/template-parts/content-team.php on line 63
[27-Jan-2018 19:43:51 UTC] PHP Warning:  A non-numeric value encountered in /app/public/wp-content/themes/gymedge/template-parts/content-team.php on line 63
[27-Jan-2018 19:43:51 UTC] PHP Warning:  A non-numeric value encountered in /app/public/wp-content/themes/gymedge/template-parts/content-team.php on line 63
[27-Jan-2018 20:13:10 UTC] PHP Notice:  Undefined index: SERVER_SOFTWARE in phar:///usr/local/bin/wp/php/WP_CLI/Runner.php(1020) : eval()'d code on line 75
[27-Jan-2018 20:13:10 UTC] PHP Notice:  Undefined index: SERVER_SOFTWARE in phar:///usr/local/bin/wp/php/WP_CLI/Runner.php(1020) : eval()'d code on line 75
[27-Jan-2018 20:13:10 UTC] PHP Notice:  Undefined index: SERVER_SOFTWARE in phar:///usr/local/bin/wp/php/WP_CLI/Runner.php(1020) : eval()'d code on line 75
[27-Jan-2018 20:13:10 UTC] PHP Notice:  Undefined index: SERVER_SOFTWARE in phar:///usr/local/bin/wp/php/WP_CLI/Runner.php(1020) : eval()'d code on line 75
[27-Jan-2018 22:24:05 UTC] PHP Notice:  Undefined index: SERVER_SOFTWARE in phar:///usr/local/bin/wp/php/WP_CLI/Runner.php(1020) : eval()'d code on line 75
[27-Jan-2018 23:14:48 UTC] PHP Notice:  Undefined index: SERVER_SOFTWARE in phar:///usr/local/bin/wp/php/WP_CLI/Runner.php(1020) : eval()'d code on line 75
[27-Jan-2018 23:20:40 UTC] PHP Notice:  Undefined index: SERVER_SOFTWARE in phar:///usr/local/bin/wp/php/WP_CLI/Runner.php(1020) : eval()'d code on line 75
[27-Jan-2018 23:33:24 UTC] PHP Parse error:  syntax error, unexpected end of file, expecting elseif (T_ELSEIF) or else (T_ELSE) or endif (T_ENDIF) in /app/public/wp-content/themes/gymedge/template-parts/content-testimonials.php on line 13
[27-Jan-2018 23:33:47 UTC] PHP Parse error:  syntax error, unexpected end of file, expecting elseif (T_ELSEIF) or else (T_ELSE) or endif (T_ENDIF) in /app/public/wp-content/themes/gymedge/template-parts/content-testimonials.php on line 13
[27-Jan-2018 23:34:05 UTC] PHP Parse error:  syntax error, unexpected end of file, expecting elseif (T_ELSEIF) or else (T_ELSE) or endif (T_ENDIF) in /app/public/wp-content/themes/gymedge/template-parts/content-testimonials.php on line 13
