2018-01-27T19:38:22+00:00 CRITICAL Uncaught Error: Call to undefined function get_post_thumbnail() in /app/public/wp-content/themes/gymedge/template-parts/content-team.php:63
Stack trace:
#0 /app/public/wp-includes/template.php(690): require()
#1 /app/public/wp-includes/template.php(647): load_template('/app/public/wp-...', false)
#2 /app/public/wp-includes/general-template.php(155): locate_template(Array, true, false)
#3 /app/public/wp-content/themes/gymedge/home.php(25): get_template_part('template-parts/...', 'team')
#4 /app/public/wp-includes/template-loader.php(74): include('/app/public/wp-...')
#5 /app/public/wp-blog-header.php(19): require_once('/app/public/wp-...')
#6 /app/public/index.php(17): require('/app/public/wp-...')
#7 {main}
  thrown

2018-01-27T19:38:26+00:00 CRITICAL Uncaught Error: Call to undefined function get_title() in /app/public/wp-content/themes/gymedge/template-parts/content-team.php:63
Stack trace:
#0 /app/public/wp-includes/template.php(690): require()
#1 /app/public/wp-includes/template.php(647): load_template('/app/public/wp-...', false)
#2 /app/public/wp-includes/general-template.php(155): locate_template(Array, true, false)
#3 /app/public/wp-content/themes/gymedge/home.php(25): get_template_part('template-parts/...', 'team')
#4 /app/public/wp-includes/template-loader.php(74): include('/app/public/wp-...')
#5 /app/public/wp-blog-header.php(19): require_once('/app/public/wp-...')
#6 /app/public/index.php(17): require('/app/public/wp-...')
#7 {main}
  thrown

2018-01-27T19:38:31+00:00 CRITICAL Uncaught Error: Call to undefined function title() in /app/public/wp-content/themes/gymedge/template-parts/content-team.php:63
Stack trace:
#0 /app/public/wp-includes/template.php(690): require()
#1 /app/public/wp-includes/template.php(647): load_template('/app/public/wp-...', false)
#2 /app/public/wp-includes/general-template.php(155): locate_template(Array, true, false)
#3 /app/public/wp-content/themes/gymedge/home.php(25): get_template_part('template-parts/...', 'team')
#4 /app/public/wp-includes/template-loader.php(74): include('/app/public/wp-...')
#5 /app/public/wp-blog-header.php(19): require_once('/app/public/wp-...')
#6 /app/public/index.php(17): require('/app/public/wp-...')
#7 {main}
  thrown

