2017-12-28T20:24:35+00:00 CRITICAL Uncaught Error: Call to a member function is_on_sale() on null in /app/public/wp-content/plugins/woocommerce/templates/single-product/sale-flash.php:26
Stack trace:
#0 /app/public/wp-content/plugins/woocommerce/includes/wc-core-functions.php(209): include()
#1 /app/public/wp-content/plugins/woocommerce/includes/wc-template-functions.php(995): wc_get_template('single-product/...')
#2 /app/public/wp-includes/class-wp-hook.php(286): woocommerce_show_product_sale_flash('')
#3 /app/public/wp-includes/class-wp-hook.php(310): WP_Hook->apply_filters('', Array)
#4 /app/public/wp-includes/plugin.php(453): WP_Hook->do_action(Array)
#5 /app/public/wp-content/plugins/woocommerce/templates/content-single-product.php(48): do_action('woocommerce_bef...')
#6 /app/public/wp-includes/template.php(690): require('/app/public/wp-...')
#7 /app/public/wp-content/plugins/woocommerce/includes/wc-core-functions.php(179): load_template('/app/public/wp-...', false)
#8 /app/public/wp-content/themes/gymedge/template-parts/content-single-tr

2017-12-28T20:55:24+00:00 CRITICAL Uncaught Error: Using $this when not in object context in /app/public/wp-content/themes/gymedge/template-parts/content-single-trainer.php:237
Stack trace:
#0 /app/public/wp-includes/template.php(690): require()
#1 /app/public/wp-includes/template.php(647): load_template('/app/public/wp-...', false)
#2 /app/public/wp-includes/general-template.php(155): locate_template(Array, true, false)
#3 /app/public/wp-content/themes/gymedge/single-gym_trainer.php(23): get_template_part('template-parts/...', 'trainer')
#4 /app/public/wp-includes/template-loader.php(74): include('/app/public/wp-...')
#5 /app/public/wp-blog-header.php(19): require_once('/app/public/wp-...')
#6 /app/public/index.php(17): require('/app/public/wp-...')
#7 {main}
  thrown

2017-12-28T20:56:35+00:00 CRITICAL Uncaught Error: Using $this when not in object context in /app/public/wp-content/themes/gymedge/template-parts/content-single-trainer.php:237
Stack trace:
#0 /app/public/wp-includes/template.php(690): require()
#1 /app/public/wp-includes/template.php(647): load_template('/app/public/wp-...', false)
#2 /app/public/wp-includes/general-template.php(155): locate_template(Array, true, false)
#3 /app/public/wp-content/themes/gymedge/single-gym_trainer.php(23): get_template_part('template-parts/...', 'trainer')
#4 /app/public/wp-includes/template-loader.php(74): include('/app/public/wp-...')
#5 /app/public/wp-blog-header.php(19): require_once('/app/public/wp-...')
#6 /app/public/index.php(17): require('/app/public/wp-...')
#7 {main}
  thrown

2018-01-07T21:06:10+00:00 CRITICAL Uncaught Error: Call to undefined function get_content() in /app/public/wp-content/themes/gymedge/parties.php:22
Stack trace:
#0 /app/public/wp-includes/template-loader.php(74): include()
#1 /app/public/wp-blog-header.php(19): require_once('/app/public/wp-...')
#2 /app/public/index.php(17): require('/app/public/wp-...')
#3 {main}
  thrown

2018-01-07T21:08:08+00:00 CRITICAL Cannot redeclare the_content() (previously declared in /app/public/wp-includes/post-template.php:230)

2018-01-07T21:37:43+00:00 CRITICAL Uncaught Error: Call to a member function have_posts() on null in /app/public/wp-content/themes/gymedge/parties.php:25
Stack trace:
#0 /app/public/wp-includes/template-loader.php(74): include()
#1 /app/public/wp-blog-header.php(19): require_once('/app/public/wp-...')
#2 /app/public/index.php(17): require('/app/public/wp-...')
#3 {main}
  thrown

